2021-12-30 19:02:19  001  ERROR  Error message
2021-12-30 19:02:19  001  ERROR  Error message
2021-12-30 19:02:19  002  INFO  Info message
2021-12-30 19:02:19  002  INFO  Info message
2021-12-30 19:02:19  003  DEBUG  Debug message
2021-12-30 19:02:19  003  DEBUG  Debug message
2021-12-30 19:02:19  004  NOTICE  Notice message
2021-12-30 19:02:19  004  NOTICE  Notice message
2021-12-30 19:02:19  002  INFO  Info message from FileHandler
2021-12-30 19:02:19  002  INFO  Info message from FileHandler
2021-12-30 19:06:46  001  ERROR  Error message
2021-12-30 19:06:46  001  ERROR  Error message
2021-12-30 19:06:46  002  INFO  Info message
2021-12-30 19:06:46  002  INFO  Info message
2021-12-30 19:06:46  003  DEBUG  Debug message
2021-12-30 19:06:46  003  DEBUG  Debug message
2021-12-30 19:06:46  004  NOTICE  Notice message
2021-12-30 19:06:46  004  NOTICE  Notice message
2021-12-30 19:06:46  002  INFO  Info message from FileHandler
2021-12-30 19:06:46  002  INFO  Info message from FileHandler
2021-12-30 19:11:37  001  ERROR  Error message
2021-12-30 19:11:37  001  ERROR  Error message
2021-12-30 19:11:37  002  INFO  Info message
2021-12-30 19:11:37  002  INFO  Info message
2021-12-30 19:11:37  003  DEBUG  Debug message
2021-12-30 19:11:37  003  DEBUG  Debug message
2021-12-30 19:11:37  004  NOTICE  Notice message
2021-12-30 19:11:37  004  NOTICE  Notice message
2021-12-30 19:11:37  002  INFO  Info message from FileHandler
2021-12-30 19:11:37  002  INFO  Info message from FileHandler
2021-12-30 19:13:01  001  ERROR  Error message
2021-12-30 19:13:01  001  ERROR  Error message
2021-12-30 19:13:01  002  INFO  Info message
2021-12-30 19:13:01  002  INFO  Info message
2021-12-30 19:13:01  003  DEBUG  Debug message
2021-12-30 19:13:01  003  DEBUG  Debug message
2021-12-30 19:13:01  004  NOTICE  Notice message
2021-12-30 19:13:01  004  NOTICE  Notice message
2021-12-30 19:13:01  002  INFO  Info message from FileHandler
2021-12-30 19:13:01  002  INFO  Info message from FileHandler
2021-12-30 19:16:06  001  ERROR  Error message
2021-12-30 19:16:06  001  ERROR  Error message
2021-12-30 19:16:06  002  INFO  Info message
2021-12-30 19:16:06  002  INFO  Info message
2021-12-30 19:16:06  003  DEBUG  Debug message
2021-12-30 19:16:06  003  DEBUG  Debug message
2021-12-30 19:16:06  004  NOTICE  Notice message
2021-12-30 19:16:06  004  NOTICE  Notice message
2021-12-30 19:16:06  002  INFO  Info message from FileHandler
2021-12-30 19:16:06  002  INFO  Info message from FileHandler
